[0505/195614.766:ERROR:process_memory_win.cc(73)] ReadMemory at 0x26d43390000 of 64 bytes failed: Only part of a ReadProcessMemory or WriteProcessMemory request was completed. (0x12B)
[0505/195614.768:WARNING:pe_image_reader.cc(340)] could not read dos header from C:\windows\System32\WS2_32.dll
[0505/195614.770:ERROR:process_memory_win.cc(73)] ReadMemory at 0x26d42e8e1e0 of 72 bytes failed: Only part of a ReadProcessMemory or WriteProcessMemory request was completed. (0x12B)
[0505/195614.770:WARNING:pe_image_annotations_reader.cc(134)] could not read annotations list object in C:\Program Files (x86)\Google\Chrome\Application\81.0.4044.129\chrome_elf.dll
[0505/195614.771:ERROR:process_memory_win.cc(73)] ReadMemory at 0x26d43489d20 of 72 bytes failed: Only part of a ReadProcessMemory or WriteProcessMemory request was completed. (0x12B)
[0505/195614.771:WARNING:pe_image_annotations_reader.cc(134)] could not read annotations list object in C:\Program Files (x86)\Google\Chrome\Application\81.0.4044.129\chrome.dll
[0505/195614.771:ERROR:process_memory_win.cc(73)] ReadMemory at 0x26d43390000 of 64 bytes failed: Only part of a ReadProcessMemory or WriteProcessMemory request was completed. (0x12B)
[0505/195614.771:WARNING:pe_image_reader.cc(340)] could not read dos header from C:\windows\System32\WS2_32.dll
[0505/195614.771:ERROR:process_memory_win.cc(73)] ReadMemory at 0x26d43390000 of 64 bytes failed: Only part of a ReadProcessMemory or WriteProcessMemory request was completed. (0x12B)
[0505/195614.771:WARNING:pe_image_reader.cc(340)] could not read dos header from C:\windows\System32\WS2_32.dll
[0505/195614.804:ERROR:process_memory_win.cc(73)] ReadMemory at 0x7ff6b3b30000 of 64 bytes failed: Only part of a ReadProcessMemory or WriteProcessMemory request was completed. (0x12B)
[0505/195614.804:WARNING:pe_image_reader.cc(340)] could not read dos header from C:\Program Files (x86)\Google\Chrome\Application\chrome.exe
[0505/195614.804:ERROR:process_memory_win.cc(73)] ReadMemory at 0x7ff946040000 of 64 bytes failed: Only part of a ReadProcessMemory or WriteProcessMemory request was completed. (0x12B)
[0505/195614.804:WARNING:pe_image_reader.cc(340)] could not read dos header from C:\windows\SYSTEM32\ntdll.dll
[0505/195614.804:ERROR:process_memory_win.cc(73)] ReadMemory at 0x7ff945830000 of 64 bytes failed: Only part of a ReadProcessMemory or WriteProcessMemory request was completed. (0x12B)
[0505/195614.804:WARNING:pe_image_reader.cc(340)] could not read dos header from C:\windows\System32\KERNEL32.DLL
[0505/195614.804:ERROR:process_memory_win.cc(73)] ReadMemory at 0x7ff943bc0000 of 64 bytes failed: Only part of a ReadProcessMemory or WriteProcessMemory request was completed. (0x12B)
[0505/195614.804:WARNING:pe_image_reader.cc(340)] could not read dos header from C:\windows\System32\KERNELBASE.dll
[0505/195614.804:ERROR:process_memory_win.cc(73)] ReadMemory at 0x7ff90dcd0000 of 64 bytes failed: Only part of a ReadProcessMemory or WriteProcessMemory request was completed. (0x12B)
[0505/195614.804:WARNING:pe_image_reader.cc(340)] could not read dos header from C:\Program Files (x86)\Google\Chrome\Application\81.0.4044.129\chrome_elf.dll
[0505/195614.805:ERROR:process_memory_win.cc(73)] ReadMemory at 0x7ff939f50000 of 64 bytes failed: Only part of a ReadProcessMemory or WriteProcessMemory request was completed. (0x12B)
[0505/195614.805:WARNING:pe_image_reader.cc(340)] could not read dos header from C:\windows\SYSTEM32\VERSION.dll
[0505/195614.805:ERROR:process_memory_win.cc(73)] ReadMemory at 0x7ff945e80000 of 64 bytes failed: Only part of a ReadProcessMemory or WriteProcessMemory request was completed. (0x12B)
[0505/195614.805:WARNING:pe_image_reader.cc(340)] could not read dos header from C:\windows\System32\msvcrt.dll
[0505/195614.805:ERROR:process_memory_win.cc(73)] ReadMemory at 0x7ff943f70000 of 64 bytes failed: Only part of a ReadProcessMemory or WriteProcessMemory request was completed. (0x12B)
[0505/195614.805:WARNING:pe_image_reader.cc(340)] could not read dos header from C:\windows\System32\bcryptPrimitives.dll
[0505/195614.805:ERROR:process_memory_win.cc(73)] ReadMemory at 0x7ff944690000 of 64 bytes failed: Only part of a ReadProcessMemory or WriteProcessMemory request was completed. (0x12B)
[0505/195614.805:WARNING:pe_image_reader.cc(340)] could not read dos header from C:\windows\System32\ADVAPI32.dll
[0505/195614.805:ERROR:process_memory_win.cc(73)] ReadMemory at 0x7ff945960000 of 64 bytes failed: Only part of a ReadProcessMemory or WriteProcessMemory request was completed. (0x12B)
[0505/195614.805:WARNING:pe_image_reader.cc(340)] could not read dos header from C:\windows\System32\sechost.dll
[0505/195614.805:ERROR:process_memory_win.cc(73)] ReadMemory at 0x7ff944740000 of 64 bytes failed: Only part of a ReadProcessMemory or WriteProcessMemory request was completed. (0x12B)
[0505/195614.805:WARNING:pe_image_reader.cc(340)] could not read dos header from C:\windows\System32\RPCRT4.dll
[0505/195614.805:ERROR:process_memory_win.cc(73)] ReadMemory at 0x7ff8eb6b0000 of 64 bytes failed: Only part of a ReadProcessMemory or WriteProcessMemory request was completed. (0x12B)
[0505/195614.805:WARNING:pe_image_reader.cc(340)] could not read dos header from C:\Program Files (x86)\Google\Chrome\Application\81.0.4044.129\chrome.dll
[0505/195614.805:ERROR:process_memory_win.cc(73)] ReadMemory at 0x26d43390000 of 64 bytes failed: Only part of a ReadProcessMemory or WriteProcessMemory request was completed. (0x12B)
[0505/195614.805:WARNING:pe_image_reader.cc(340)] could not read dos header from C:\windows\System32\WS2_32.dll
[0505/195614.805:ERROR:process_memory_win.cc(73)] ReadMemory at 0x7ff944150000 of 64 bytes failed: Only part of a ReadProcessMemory or WriteProcessMemory request was completed. (0x12B)
[0505/195614.805:WARNING:pe_image_reader.cc(340)] could not read dos header from C:\windows\System32\OLEAUT32.dll
[0505/195614.805:ERROR:process_memory_win.cc(73)] ReadMemory at 0x7ff943ac0000 of 64 bytes failed: Only part of a ReadProcessMemory or WriteProcessMemory request was completed. (0x12B)
[0505/195614.805:WARNING:pe_image_reader.cc(340)] could not read dos header from C:\windows\System32\msvcp_win.dll
[0505/195614.805:ERROR:process_memory_win.cc(73)] ReadMemory at 0x7ff943ff0000 of 64 bytes failed: Only part of a ReadProcessMemory or WriteProcessMemory request was completed. (0x12B)
[0505/195614.805:WARNING:pe_image_reader.cc(340)] could not read dos header from C:\windows\System32\ucrtbase.dll
[0505/195614.805:ERROR:process_memory_win.cc(73)] ReadMemory at 0x7ff944280000 of 64 bytes failed: Only part of a ReadProcessMemory or WriteProcessMemory request was completed. (0x12B)
[0505/195614.805:WARNING:pe_image_reader.cc(340)] could not read dos header from C:\windows\System32\combase.dll
[0505/195614.805:ERROR:process_memory_win.cc(73)] ReadMemory at 0x7ff9432c0000 of 64 bytes failed: Only part of a ReadProcessMemory or WriteProcessMemory request was completed. (0x12B)
[0505/195614.805:WARNING:pe_image_reader.cc(340)] could not read dos header from C:\windows\System32\WINTRUST.dll
[0505/195614.805:ERROR:process_memory_win.cc(73)] ReadMemory at 0x7ff942f80000 of 64 bytes failed: Only part of a ReadProcessMemory or WriteProcessMemory request was completed. (0x12B)
[0505/195614.805:WARNING:pe_image_reader.cc(340)] could not read dos header from C:\windows\System32\MSASN1.dll
[0505/195614.805:ERROR:process_memory_win.cc(73)] ReadMemory at 0x7ff942fd0000 of 64 bytes failed: Only part of a ReadProcessMemory or WriteProcessMemory request was completed. (0x12B)
[0505/195614.805:WARNING:pe_image_reader.cc(340)] could not read dos header from C:\windows\System32\CRYPT32.dll
[0505/195614.805:ERROR:process_memory_win.cc(73)] ReadMemory at 0x7ff942420000 of 64 bytes failed: Only part of a ReadProcessMemory or WriteProcessMemory request was completed. (0x12B)
[0505/195614.805:WARNING:pe_image_reader.cc(340)] could not read dos header from C:\windows\SYSTEM32\IPHLPAPI.DLL
[0505/195614.805:ERROR:process_memory_win.cc(73)] ReadMemory at 0x7ff93fbc0000 of 64 bytes failed: Only part of a ReadProcessMemory or WriteProcessMemory request was completed. (0x12B)
[0505/195614.805:WARNING:pe_image_reader.cc(340)] could not read dos header from C:\windows\SYSTEM32\WINMM.dll
[0505/195614.806:ERROR:process_memory_win.cc(73)] ReadMemory at 0x7ff922700000 of 64 bytes failed: Only part of a ReadProcessMemory or WriteProcessMemory request was completed. (0x12B)
[0505/195614.806:WARNING:pe_image_reader.cc(340)] could not read dos header from C:\windows\SYSTEM32\Secur32.dll
[0505/195614.806:ERROR:process_memory_win.cc(73)] ReadMemory at 0x7ff942e20000 of 64 bytes failed: Only part of a ReadProcessMemory or WriteProcessMemory request was completed. (0x12B)
[0505/195614.806:WARNING:pe_image_reader.cc(340)] could not read dos header from C:\windows\SYSTEM32\USERENV.dll
[0505/195614.806:ERROR:process_memory_win.cc(73)] ReadMemory at 0x7ff942fa0000 of 64 bytes failed: Only part of a ReadProcessMemory or WriteProcessMemory request was completed. (0x12B)
[0505/195614.806:WARNING:pe_image_reader.cc(340)] could not read dos header from C:\windows\System32\profapi.dll
[0505/195614.806:ERROR:process_memory_win.cc(73)] ReadMemory at 0x7ff91dd20000 of 64 bytes failed: Only part of a ReadProcessMemory or WriteProcessMemory request was completed. (0x12B)
[0505/195614.806:WARNING:pe_image_reader.cc(340)] could not read dos header from C:\windows\SYSTEM32\UIAutomationCore.DLL
[0505/195614.806:ERROR:process_memory_win.cc(73)] ReadMemory at 0x7ff928480000 of 64 bytes failed: Only part of a ReadProcessMemory or WriteProcessMemory request was completed. (0x12B)
[0505/195614.806:WARNING:pe_image_reader.cc(340)] could not read dos header from C:\windows\SYSTEM32\DWrite.dll
[0505/195614.806:ERROR:process_memory_win.cc(73)] ReadMemory at 0x7ff92e520000 of 64 bytes failed: Only part of a ReadProcessMemory or WriteProcessMemory request was completed. (0x12B)
[0505/195614.806:WARNING:pe_image_reader.cc(340)] could not read dos header from C:\windows\SYSTEM32\WINSPOOL.DRV
[0505/195614.806:ERROR:process_memory_win.cc(73)] ReadMemory at 0x7ff942f10000 of 64 bytes failed: Only part of a ReadProcessMemory or WriteProcessMemory request was completed. (0x12B)
[0505/195614.806:WARNING:pe_image_reader.cc(340)] could not read dos header from C:\windows\System32\kernel.appcore.dll
[0505/195614.806:ERROR:process_memory_win.cc(73)] ReadMemory at 0x7ff943b90000 of 64 bytes failed: Only part of a ReadProcessMemory or WriteProcessMemory request was completed. (0x12B)
[0505/195614.806:WARNING:pe_image_reader.cc(340)] could not read dos header from C:\windows\System32\bcrypt.dll
[0505/195614.806:ERROR:process_memory_win.cc(73)] ReadMemory at 0x7ff922fe0000 of 64 bytes failed: Only part of a ReadProcessMemory or WriteProcessMemory request was completed. (0x12B)
[0505/195614.806:WARNING:pe_image_reader.cc(340)] could not read dos header from C:\windows\SYSTEM32\dbghelp.dll
[0505/195614.806:ERROR:process_memory_win.cc(73)] ReadMemory at 0x7ff930220000 of 64 bytes failed: Only part of a ReadProcessMemory or WriteProcessMemory request was completed. (0x12B)
[0505/195614.806:WARNING:pe_image_reader.cc(340)] could not read dos header from C:\windows\SYSTEM32\WINHTTP.dll
[0505/195614.806:ERROR:process_memory_win.cc(73)] ReadMemory at 0x7ff935090000 of 64 bytes failed: Only part of a ReadProcessMemory or WriteProcessMemory request was completed. (0x12B)
[0505/195614.806:WARNING:pe_image_reader.cc(340)] could not read dos header from C:\windows\SYSTEM32\dhcpcsvc.DLL
[0505/195614.806:ERROR:process_memory_win.cc(73)] ReadMemory at 0x7ff944680000 of 64 bytes failed: Only part of a ReadProcessMemory or WriteProcessMemory request was completed. (0x12B)
[0505/195614.806:WARNING:pe_image_reader.cc(340)] could not read dos header from C:\windows\System32\NSI.dll
[0505/195614.806:ERROR:process_memory_win.cc(73)] ReadMemory at 0x7ff93fb90000 of 64 bytes failed: Only part of a ReadProcessMemory or WriteProcessMemory request was completed. (0x12B)
[0505/195614.806:WARNING:pe_image_reader.cc(340)] could not read dos header from C:\windows\SYSTEM32\WINMMBASE.dll
[0505/195614.806:ERROR:process_memory_win.cc(73)] ReadMemory at 0x7ff943e70000 of 64 bytes failed: Only part of a ReadProcessMemory or WriteProcessMemory request was completed. (0x12B)
[0505/195614.806:WARNING:pe_image_reader.cc(340)] could not read dos header from C:\windows\System32\cfgmgr32.dll
[0505/195614.806:ERROR:process_memory_win.cc(73)] ReadMemory at 0x7ff93f740000 of 64 bytes failed: Only part of a ReadProcessMemory or WriteProcessMemory request was completed. (0x12B)
[0505/195614.806:WARNING:pe_image_reader.cc(340)] could not read dos header from C:\windows\SYSTEM32\PROPSYS.dll
[0505/195614.806:ERROR:process_memory_win.cc(73)] ReadMemory at 0x7ff9445c0000 of 64 bytes failed: Only part of a ReadProcessMemory or WriteProcessMemory request was completed. (0x12B)
[0505/195614.806:WARNING:pe_image_reader.cc(340)] could not read dos header from C:\windows\System32\shcore.dll
[0505/195614.806:ERROR:process_memory_win.cc(73)] ReadMemory at 0x7ff942df0000 of 64 bytes failed: Only part of a ReadProcessMemory or WriteProcessMemory request was completed. (0x12B)
[0505/195614.806:WARNING:pe_image_reader.cc(340)] could not read dos header from C:\windows\SYSTEM32\SSPICLI.DLL
[0505/195614.806:ERROR:process_memory_win.cc(73)] ReadMemory at 0x7ff9428e0000 of 64 bytes failed: Only part of a ReadProcessMemory or WriteProcessMemory request was completed. (0x12B)
[0505/195614.806:WARNING:pe_image_reader.cc(340)] could not read dos header from C:\windows\SYSTEM32\CRYPTBASE.DLL
[0505/195614.813:ERROR:process_memory_win.cc(73)] ReadMemory at 0x7ff6b3b30000 of 64 bytes failed: Only part of a ReadProcessMemory or WriteProcessMemory request was completed. (0x12B)
[0505/195614.814:WARNING:pe_image_reader.cc(340)] could not read dos header from C:\Program Files (x86)\Google\Chrome\Application\chrome.exe
[0505/195614.814:ERROR:process_memory_win.cc(73)] ReadMemory at 0x7ff946040000 of 64 bytes failed: Only part of a ReadProcessMemory or WriteProcessMemory request was completed. (0x12B)
[0505/195614.814:WARNING:pe_image_reader.cc(340)] could not read dos header from C:\windows\SYSTEM32\ntdll.dll
[0505/195614.814:ERROR:process_memory_win.cc(73)] ReadMemory at 0x7ff945830000 of 64 bytes failed: Only part of a ReadProcessMemory or WriteProcessMemory request was completed. (0x12B)
[0505/195614.814:WARNING:pe_image_reader.cc(340)] could not read dos header from C:\windows\System32\KERNEL32.DLL
[0505/195614.814:ERROR:process_memory_win.cc(73)] ReadMemory at 0x7ff943bc0000 of 64 bytes failed: Only part of a ReadProcessMemory or WriteProcessMemory request was completed. (0x12B)
[0505/195614.814:WARNING:pe_image_reader.cc(340)] could not read dos header from C:\windows\System32\KERNELBASE.dll
[0505/195614.814:ERROR:process_memory_win.cc(73)] ReadMemory at 0x7ff90dcd0000 of 64 bytes failed: Only part of a ReadProcessMemory or WriteProcessMemory request was completed. (0x12B)
[0505/195614.814:WARNING:pe_image_reader.cc(340)] could not read dos header from C:\Program Files (x86)\Google\Chrome\Application\81.0.4044.129\chrome_elf.dll
[0505/195614.814:ERROR:process_memory_win.cc(73)] ReadMemory at 0x7ff939f50000 of 64 bytes failed: Only part of a ReadProcessMemory or WriteProcessMemory request was completed. (0x12B)
[0505/195614.814:WARNING:pe_image_reader.cc(340)] could not read dos header from C:\windows\SYSTEM32\VERSION.dll
[0505/195614.814:ERROR:process_memory_win.cc(73)] ReadMemory at 0x7ff945e80000 of 64 bytes failed: Only part of a ReadProcessMemory or WriteProcessMemory request was completed. (0x12B)
[0505/195614.814:WARNING:pe_image_reader.cc(340)] could not read dos header from C:\windows\System32\msvcrt.dll
[0505/195614.814:ERROR:process_memory_win.cc(73)] ReadMemory at 0x7ff943f70000 of 64 bytes failed: Only part of a ReadProcessMemory or WriteProcessMemory request was completed. (0x12B)
[0505/195614.814:WARNING:pe_image_reader.cc(340)] could not read dos header from C:\windows\System32\bcryptPrimitives.dll
[0505/195614.814:ERROR:process_memory_win.cc(73)] ReadMemory at 0x7ff944690000 of 64 bytes failed: Only part of a ReadProcessMemory or WriteProcessMemory request was completed. (0x12B)
[0505/195614.814:WARNING:pe_image_reader.cc(340)] could not read dos header from C:\windows\System32\ADVAPI32.dll
[0505/195614.814:ERROR:process_memory_win.cc(73)] ReadMemory at 0x7ff945960000 of 64 bytes failed: Only part of a ReadProcessMemory or WriteProcessMemory request was completed. (0x12B)
[0505/195614.814:WARNING:pe_image_reader.cc(340)] could not read dos header from C:\windows\System32\sechost.dll
[0505/195614.814:ERROR:process_memory_win.cc(73)] ReadMemory at 0x7ff944740000 of 64 bytes failed: Only part of a ReadProcessMemory or WriteProcessMemory request was completed. (0x12B)
[0505/195614.814:WARNING:pe_image_reader.cc(340)] could not read dos header from C:\windows\System32\RPCRT4.dll
[0505/195614.814:ERROR:process_memory_win.cc(73)] ReadMemory at 0x7ff8eb6b0000 of 64 bytes failed: Only part of a ReadProcessMemory or WriteProcessMemory request was completed. (0x12B)
[0505/195614.814:WARNING:pe_image_reader.cc(340)] could not read dos header from C:\Program Files (x86)\Google\Chrome\Application\81.0.4044.129\chrome.dll
[0505/195614.814:ERROR:process_memory_win.cc(73)] ReadMemory at 0x26d43390000 of 64 bytes failed: Only part of a ReadProcessMemory or WriteProcessMemory request was completed. (0x12B)
[0505/195614.814:WARNING:pe_image_reader.cc(340)] could not read dos header from C:\windows\System32\WS2_32.dll
[0505/195614.814:ERROR:process_memory_win.cc(73)] ReadMemory at 0x7ff944150000 of 64 bytes failed: Only part of a ReadProcessMemory or WriteProcessMemory request was completed. (0x12B)
[0505/195614.814:WARNING:pe_image_reader.cc(340)] could not read dos header from C:\windows\System32\OLEAUT32.dll
[0505/195614.814:ERROR:process_memory_win.cc(73)] ReadMemory at 0x7ff943ac0000 of 64 bytes failed: Only part of a ReadProcessMemory or WriteProcessMemory request was completed. (0x12B)
[0505/195614.815:WARNING:pe_image_reader.cc(340)] could not read dos header from C:\windows\System32\msvcp_win.dll
[0505/195614.815:ERROR:process_memory_win.cc(73)] ReadMemory at 0x7ff943ff0000 of 64 bytes failed: Only part of a ReadProcessMemory or WriteProcessMemory request was completed. (0x12B)
[0505/195614.815:WARNING:pe_image_reader.cc(340)] could not read dos header from C:\windows\System32\ucrtbase.dll
[0505/195614.815:ERROR:process_memory_win.cc(73)] ReadMemory at 0x7ff944280000 of 64 bytes failed: Only part of a ReadProcessMemory or WriteProcessMemory request was completed. (0x12B)
[0505/195614.815:WARNING:pe_image_reader.cc(340)] could not read dos header from C:\windows\System32\combase.dll
[0505/195614.815:ERROR:process_memory_win.cc(73)] ReadMemory at 0x7ff9432c0000 of 64 bytes failed: Only part of a ReadProcessMemory or WriteProcessMemory request was completed. (0x12B)
[0505/195614.815:WARNING:pe_image_reader.cc(340)] could not read dos header from C:\windows\System32\WINTRUST.dll
[0505/195614.815:ERROR:process_memory_win.cc(73)] ReadMemory at 0x7ff942f80000 of 64 bytes failed: Only part of a ReadProcessMemory or WriteProcessMemory request was completed. (0x12B)
[0505/195614.815:WARNING:pe_image_reader.cc(340)] could not read dos header from C:\windows\System32\MSASN1.dll
[0505/195614.815:ERROR:process_memory_win.cc(73)] ReadMemory at 0x7ff942fd0000 of 64 bytes failed: Only part of a ReadProcessMemory or WriteProcessMemory request was completed. (0x12B)
[0505/195614.815:WARNING:pe_image_reader.cc(340)] could not read dos header from C:\windows\System32\CRYPT32.dll
[0505/195614.815:ERROR:process_memory_win.cc(73)] ReadMemory at 0x7ff942420000 of 64 bytes failed: Only part of a ReadProcessMemory or WriteProcessMemory request was completed. (0x12B)
[0505/195614.815:WARNING:pe_image_reader.cc(340)] could not read dos header from C:\windows\SYSTEM32\IPHLPAPI.DLL
[0505/195614.815:ERROR:process_memory_win.cc(73)] ReadMemory at 0x7ff93fbc0000 of 64 bytes failed: Only part of a ReadProcessMemory or WriteProcessMemory request was completed. (0x12B)
[0505/195614.815:WARNING:pe_image_reader.cc(340)] could not read dos header from C:\windows\SYSTEM32\WINMM.dll
[0505/195614.815:ERROR:process_memory_win.cc(73)] ReadMemory at 0x7ff922700000 of 64 bytes failed: Only part of a ReadProcessMemory or WriteProcessMemory request was completed. (0x12B)
[0505/195614.815:WARNING:pe_image_reader.cc(340)] could not read dos header from C:\windows\SYSTEM32\Secur32.dll
[0505/195614.815:ERROR:process_memory_win.cc(73)] ReadMemory at 0x7ff942e20000 of 64 bytes failed: Only part of a ReadProcessMemory or WriteProcessMemory request was completed. (0x12B)
[0505/195614.815:WARNING:pe_image_reader.cc(340)] could not read dos header from C:\windows\SYSTEM32\USERENV.dll
[0505/195614.815:ERROR:process_memory_win.cc(73)] ReadMemory at 0x7ff942fa0000 of 64 bytes failed: Only part of a ReadProcessMemory or WriteProcessMemory request was completed. (0x12B)
[0505/195614.815:WARNING:pe_image_reader.cc(340)] could not read dos header from C:\windows\System32\profapi.dll
[0505/195614.815:ERROR:process_memory_win.cc(73)] ReadMemory at 0x7ff91dd20000 of 64 bytes failed: Only part of a ReadProcessMemory or WriteProcessMemory request was completed. (0x12B)
[0505/195614.815:WARNING:pe_image_reader.cc(340)] could not read dos header from C:\windows\SYSTEM32\UIAutomationCore.DLL
[0505/195614.815:ERROR:process_memory_win.cc(73)] ReadMemory at 0x7ff928480000 of 64 bytes failed: Only part of a ReadProcessMemory or WriteProcessMemory request was completed. (0x12B)
[0505/195614.815:WARNING:pe_image_reader.cc(340)] could not read dos header from C:\windows\SYSTEM32\DWrite.dll
[0505/195614.815:ERROR:process_memory_win.cc(73)] ReadMemory at 0x7ff92e520000 of 64 bytes failed: Only part of a ReadProcessMemory or WriteProcessMemory request was completed. (0x12B)
[0505/195614.815:WARNING:pe_image_reader.cc(340)] could not read dos header from C:\windows\SYSTEM32\WINSPOOL.DRV
[0505/195614.815:ERROR:process_memory_win.cc(73)] ReadMemory at 0x7ff942f10000 of 64 bytes failed: Only part of a ReadProcessMemory or WriteProcessMemory request was completed. (0x12B)
[0505/195614.815:WARNING:pe_image_reader.cc(340)] could not read dos header from C:\windows\System32\kernel.appcore.dll
[0505/195614.815:ERROR:process_memory_win.cc(73)] ReadMemory at 0x7ff943b90000 of 64 bytes failed: Only part of a ReadProcessMemory or WriteProcessMemory request was completed. (0x12B)
[0505/195614.815:WARNING:pe_image_reader.cc(340)] could not read dos header from C:\windows\System32\bcrypt.dll
[0505/195614.815:ERROR:process_memory_win.cc(73)] ReadMemory at 0x7ff922fe0000 of 64 bytes failed: Only part of a ReadProcessMemory or WriteProcessMemory request was completed. (0x12B)
[0505/195614.815:WARNING:pe_image_reader.cc(340)] could not read dos header from C:\windows\SYSTEM32\dbghelp.dll
[0505/195614.815:ERROR:process_memory_win.cc(73)] ReadMemory at 0x7ff930220000 of 64 bytes failed: Only part of a ReadProcessMemory or WriteProcessMemory request was completed. (0x12B)
[0505/195614.815:WARNING:pe_image_reader.cc(340)] could not read dos header from C:\windows\SYSTEM32\WINHTTP.dll
[0505/195614.816:ERROR:process_memory_win.cc(73)] ReadMemory at 0x7ff935090000 of 64 bytes failed: Only part of a ReadProcessMemory or WriteProcessMemory request was completed. (0x12B)
[0505/195614.816:WARNING:pe_image_reader.cc(340)] could not read dos header from C:\windows\SYSTEM32\dhcpcsvc.DLL
[0505/195614.816:ERROR:process_memory_win.cc(73)] ReadMemory at 0x7ff944680000 of 64 bytes failed: Only part of a ReadProcessMemory or WriteProcessMemory request was completed. (0x12B)
[0505/195614.816:WARNING:pe_image_reader.cc(340)] could not read dos header from C:\windows\System32\NSI.dll
[0505/195614.816:ERROR:process_memory_win.cc(73)] ReadMemory at 0x7ff93fb90000 of 64 bytes failed: Only part of a ReadProcessMemory or WriteProcessMemory request was completed. (0x12B)
[0505/195614.816:WARNING:pe_image_reader.cc(340)] could not read dos header from C:\windows\SYSTEM32\WINMMBASE.dll
[0505/195614.816:ERROR:process_memory_win.cc(73)] ReadMemory at 0x7ff943e70000 of 64 bytes failed: Only part of a ReadProcessMemory or WriteProcessMemory request was completed. (0x12B)
[0505/195614.816:WARNING:pe_image_reader.cc(340)] could not read dos header from C:\windows\System32\cfgmgr32.dll
[0505/195614.816:ERROR:process_memory_win.cc(73)] ReadMemory at 0x7ff93f740000 of 64 bytes failed: Only part of a ReadProcessMemory or WriteProcessMemory request was completed. (0x12B)
[0505/195614.816:WARNING:pe_image_reader.cc(340)] could not read dos header from C:\windows\SYSTEM32\PROPSYS.dll
[0505/195614.816:ERROR:process_memory_win.cc(73)] ReadMemory at 0x7ff9445c0000 of 64 bytes failed: Only part of a ReadProcessMemory or WriteProcessMemory request was completed. (0x12B)
[0505/195614.816:WARNING:pe_image_reader.cc(340)] could not read dos header from C:\windows\System32\shcore.dll
[0505/195614.816:ERROR:process_memory_win.cc(73)] ReadMemory at 0x7ff942df0000 of 64 bytes failed: Only part of a ReadProcessMemory or WriteProcessMemory request was completed. (0x12B)
[0505/195614.816:WARNING:pe_image_reader.cc(340)] could not read dos header from C:\windows\SYSTEM32\SSPICLI.DLL
[0505/195614.816:ERROR:process_memory_win.cc(73)] ReadMemory at 0x7ff9428e0000 of 64 bytes failed: Only part of a ReadProcessMemory or WriteProcessMemory request was completed. (0x12B)
[0505/195614.816:WARNING:pe_image_reader.cc(340)] could not read dos header from C:\windows\SYSTEM32\CRYPTBASE.DLL
[0505/195614.816:ERROR:process_memory_win.cc(73)] ReadMemory at 0x7ff6b3b30000 of 64 bytes failed: Only part of a ReadProcessMemory or WriteProcessMemory request was completed. (0x12B)
[0505/195614.816:WARNING:pe_image_reader.cc(340)] could not read dos header from C:\Program Files (x86)\Google\Chrome\Application\chrome.exe
[0505/195614.816:ERROR:process_memory_win.cc(73)] ReadMemory at 0x7ff946040000 of 64 bytes failed: Only part of a ReadProcessMemory or WriteProcessMemory request was completed. (0x12B)
[0505/195614.816:WARNING:pe_image_reader.cc(340)] could not read dos header from C:\windows\SYSTEM32\ntdll.dll
[0505/195614.816:ERROR:process_memory_win.cc(73)] ReadMemory at 0x7ff945830000 of 64 bytes failed: Only part of a ReadProcessMemory or WriteProcessMemory request was completed. (0x12B)
[0505/195614.816:WARNING:pe_image_reader.cc(340)] could not read dos header from C:\windows\System32\KERNEL32.DLL
[0505/195614.816:ERROR:process_memory_win.cc(73)] ReadMemory at 0x7ff943bc0000 of 64 bytes failed: Only part of a ReadProcessMemory or WriteProcessMemory request was completed. (0x12B)
[0505/195614.816:WARNING:pe_image_reader.cc(340)] could not read dos header from C:\windows\System32\KERNELBASE.dll
[0505/195614.816:ERROR:process_memory_win.cc(73)] ReadMemory at 0x7ff90dcd0000 of 64 bytes failed: Only part of a ReadProcessMemory or WriteProcessMemory request was completed. (0x12B)
[0505/195614.816:WARNING:pe_image_reader.cc(340)] could not read dos header from C:\Program Files (x86)\Google\Chrome\Application\81.0.4044.129\chrome_elf.dll
[0505/195614.816:ERROR:process_memory_win.cc(73)] ReadMemory at 0x7ff939f50000 of 64 bytes failed: Only part of a ReadProcessMemory or WriteProcessMemory request was completed. (0x12B)
[0505/195614.816:WARNING:pe_image_reader.cc(340)] could not read dos header from C:\windows\SYSTEM32\VERSION.dll
[0505/195614.816:ERROR:process_memory_win.cc(73)] ReadMemory at 0x7ff945e80000 of 64 bytes failed: Only part of a ReadProcessMemory or WriteProcessMemory request was completed. (0x12B)
[0505/195614.816:WARNING:pe_image_reader.cc(340)] could not read dos header from C:\windows\System32\msvcrt.dll
[0505/195614.816:ERROR:process_memory_win.cc(73)] ReadMemory at 0x7ff943f70000 of 64 bytes failed: Only part of a ReadProcessMemory or WriteProcessMemory request was completed. (0x12B)
[0505/195614.816:WARNING:pe_image_reader.cc(340)] could not read dos header from C:\windows\System32\bcryptPrimitives.dll
[0505/195614.816:ERROR:process_memory_win.cc(73)] ReadMemory at 0x7ff944690000 of 64 bytes failed: Only part of a ReadProcessMemory or WriteProcessMemory request was completed. (0x12B)
[0505/195614.816:WARNING:pe_image_reader.cc(340)] could not read dos header from C:\windows\System32\ADVAPI32.dll
[0505/195614.816:ERROR:process_memory_win.cc(73)] ReadMemory at 0x7ff945960000 of 64 bytes failed: Only part of a ReadProcessMemory or WriteProcessMemory request was completed. (0x12B)
[0505/195614.816:WARNING:pe_image_reader.cc(340)] could not read dos header from C:\windows\System32\sechost.dll
[0505/195614.817:ERROR:process_memory_win.cc(73)] ReadMemory at 0x7ff944740000 of 64 bytes failed: Only part of a ReadProcessMemory or WriteProcessMemory request was completed. (0x12B)
[0505/195614.817:WARNING:pe_image_reader.cc(340)] could not read dos header from C:\windows\System32\RPCRT4.dll
[0505/195614.817:ERROR:process_memory_win.cc(73)] ReadMemory at 0x7ff8eb6b0000 of 64 bytes failed: Only part of a ReadProcessMemory or WriteProcessMemory request was completed. (0x12B)
[0505/195614.817:WARNING:pe_image_reader.cc(340)] could not read dos header from C:\Program Files (x86)\Google\Chrome\Application\81.0.4044.129\chrome.dll
[0505/195614.817:ERROR:process_memory_win.cc(73)] ReadMemory at 0x26d43390000 of 64 bytes failed: Only part of a ReadProcessMemory or WriteProcessMemory request was completed. (0x12B)
[0505/195614.817:WARNING:pe_image_reader.cc(340)] could not read dos header from C:\windows\System32\WS2_32.dll
[0505/195614.817:ERROR:process_memory_win.cc(73)] ReadMemory at 0x7ff944150000 of 64 bytes failed: Only part of a ReadProcessMemory or WriteProcessMemory request was completed. (0x12B)
[0505/195614.817:WARNING:pe_image_reader.cc(340)] could not read dos header from C:\windows\System32\OLEAUT32.dll
[0505/195614.817:ERROR:process_memory_win.cc(73)] ReadMemory at 0x7ff943ac0000 of 64 bytes failed: Only part of a ReadProcessMemory or WriteProcessMemory request was completed. (0x12B)
[0505/195614.817:WARNING:pe_image_reader.cc(340)] could not read dos header from C:\windows\System32\msvcp_win.dll
[0505/195614.817:ERROR:process_memory_win.cc(73)] ReadMemory at 0x7ff943ff0000 of 64 bytes failed: Only part of a ReadProcessMemory or WriteProcessMemory request was completed. (0x12B)
[0505/195614.817:WARNING:pe_image_reader.cc(340)] could not read dos header from C:\windows\System32\ucrtbase.dll
[0505/195614.817:ERROR:process_memory_win.cc(73)] ReadMemory at 0x7ff944280000 of 64 bytes failed: Only part of a ReadProcessMemory or WriteProcessMemory request was completed. (0x12B)
[0505/195614.817:WARNING:pe_image_reader.cc(340)] could not read dos header from C:\windows\System32\combase.dll
[0505/195614.817:ERROR:process_memory_win.cc(73)] ReadMemory at 0x7ff9432c0000 of 64 bytes failed: Only part of a ReadProcessMemory or WriteProcessMemory request was completed. (0x12B)
[0505/195614.817:WARNING:pe_image_reader.cc(340)] could not read dos header from C:\windows\System32\WINTRUST.dll
[0505/195614.817:ERROR:process_memory_win.cc(73)] ReadMemory at 0x7ff942f80000 of 64 bytes failed: Only part of a ReadProcessMemory or WriteProcessMemory request was completed. (0x12B)
[0505/195614.817:WARNING:pe_image_reader.cc(340)] could not read dos header from C:\windows\System32\MSASN1.dll
[0505/195614.817:ERROR:process_memory_win.cc(73)] ReadMemory at 0x7ff942fd0000 of 64 bytes failed: Only part of a ReadProcessMemory or WriteProcessMemory request was completed. (0x12B)
[0505/195614.817:WARNING:pe_image_reader.cc(340)] could not read dos header from C:\windows\System32\CRYPT32.dll
[0505/195614.817:ERROR:process_memory_win.cc(73)] ReadMemory at 0x7ff942420000 of 64 bytes failed: Only part of a ReadProcessMemory or WriteProcessMemory request was completed. (0x12B)
[0505/195614.817:WARNING:pe_image_reader.cc(340)] could not read dos header from C:\windows\SYSTEM32\IPHLPAPI.DLL
[0505/195614.817:ERROR:process_memory_win.cc(73)] ReadMemory at 0x7ff93fbc0000 of 64 bytes failed: Only part of a ReadProcessMemory or WriteProcessMemory request was completed. (0x12B)
[0505/195614.817:WARNING:pe_image_reader.cc(340)] could not read dos header from C:\windows\SYSTEM32\WINMM.dll
[0505/195614.817:ERROR:process_memory_win.cc(73)] ReadMemory at 0x7ff922700000 of 64 bytes failed: Only part of a ReadProcessMemory or WriteProcessMemory request was completed. (0x12B)
[0505/195614.817:WARNING:pe_image_reader.cc(340)] could not read dos header from C:\windows\SYSTEM32\Secur32.dll
[0505/195614.817:ERROR:process_memory_win.cc(73)] ReadMemory at 0x7ff942e20000 of 64 bytes failed: Only part of a ReadProcessMemory or WriteProcessMemory request was completed. (0x12B)
[0505/195614.817:WARNING:pe_image_reader.cc(340)] could not read dos header from C:\windows\SYSTEM32\USERENV.dll
[0505/195614.817:ERROR:process_memory_win.cc(73)] ReadMemory at 0x7ff942fa0000 of 64 bytes failed: Only part of a ReadProcessMemory or WriteProcessMemory request was completed. (0x12B)
[0505/195614.817:WARNING:pe_image_reader.cc(340)] could not read dos header from C:\windows\System32\profapi.dll
[0505/195614.817:ERROR:process_memory_win.cc(73)] ReadMemory at 0x7ff91dd20000 of 64 bytes failed: Only part of a ReadProcessMemory or WriteProcessMemory request was completed. (0x12B)
[0505/195614.817:WARNING:pe_image_reader.cc(340)] could not read dos header from C:\windows\SYSTEM32\UIAutomationCore.DLL
[0505/195614.817:ERROR:process_memory_win.cc(73)] ReadMemory at 0x7ff928480000 of 64 bytes failed: Only part of a ReadProcessMemory or WriteProcessMemory request was completed. (0x12B)
[0505/195614.817:WARNING:pe_image_reader.cc(340)] could not read dos header from C:\windows\SYSTEM32\DWrite.dll
[0505/195614.817:ERROR:process_memory_win.cc(73)] ReadMemory at 0x7ff92e520000 of 64 bytes failed: Only part of a ReadProcessMemory or WriteProcessMemory request was completed. (0x12B)
[0505/195614.817:WARNING:pe_image_reader.cc(340)] could not read dos header from C:\windows\SYSTEM32\WINSPOOL.DRV
[0505/195614.817:ERROR:process_memory_win.cc(73)] ReadMemory at 0x7ff942f10000 of 64 bytes failed: Only part of a ReadProcessMemory or WriteProcessMemory request was completed. (0x12B)
[0505/195614.817:WARNING:pe_image_reader.cc(340)] could not read dos header from C:\windows\System32\kernel.appcore.dll
[0505/195614.817:ERROR:process_memory_win.cc(73)] ReadMemory at 0x7ff943b90000 of 64 bytes failed: Only part of a ReadProcessMemory or WriteProcessMemory request was completed. (0x12B)
[0505/195614.818:WARNING:pe_image_reader.cc(340)] could not read dos header from C:\windows\System32\bcrypt.dll
[0505/195614.818:ERROR:process_memory_win.cc(73)] ReadMemory at 0x7ff922fe0000 of 64 bytes failed: Only part of a ReadProcessMemory or WriteProcessMemory request was completed. (0x12B)
[0505/195614.818:WARNING:pe_image_reader.cc(340)] could not read dos header from C:\windows\SYSTEM32\dbghelp.dll
[0505/195614.818:ERROR:process_memory_win.cc(73)] ReadMemory at 0x7ff930220000 of 64 bytes failed: Only part of a ReadProcessMemory or WriteProcessMemory request was completed. (0x12B)
[0505/195614.818:WARNING:pe_image_reader.cc(340)] could not read dos header from C:\windows\SYSTEM32\WINHTTP.dll
[0505/195614.818:ERROR:process_memory_win.cc(73)] ReadMemory at 0x7ff935090000 of 64 bytes failed: Only part of a ReadProcessMemory or WriteProcessMemory request was completed. (0x12B)
[0505/195614.818:WARNING:pe_image_reader.cc(340)] could not read dos header from C:\windows\SYSTEM32\dhcpcsvc.DLL
[0505/195614.818:ERROR:process_memory_win.cc(73)] ReadMemory at 0x7ff944680000 of 64 bytes failed: Only part of a ReadProcessMemory or WriteProcessMemory request was completed. (0x12B)
[0505/195614.818:WARNING:pe_image_reader.cc(340)] could not read dos header from C:\windows\System32\NSI.dll
[0505/195614.818:ERROR:process_memory_win.cc(73)] ReadMemory at 0x7ff93fb90000 of 64 bytes failed: Only part of a ReadProcessMemory or WriteProcessMemory request was completed. (0x12B)
[0505/195614.818:WARNING:pe_image_reader.cc(340)] could not read dos header from C:\windows\SYSTEM32\WINMMBASE.dll
[0505/195614.818:ERROR:process_memory_win.cc(73)] ReadMemory at 0x7ff943e70000 of 64 bytes failed: Only part of a ReadProcessMemory or WriteProcessMemory request was completed. (0x12B)
[0505/195614.818:WARNING:pe_image_reader.cc(340)] could not read dos header from C:\windows\System32\cfgmgr32.dll
[0505/195614.818:ERROR:process_memory_win.cc(73)] ReadMemory at 0x7ff93f740000 of 64 bytes failed: Only part of a ReadProcessMemory or WriteProcessMemory request was completed. (0x12B)
[0505/195614.818:WARNING:pe_image_reader.cc(340)] could not read dos header from C:\windows\SYSTEM32\PROPSYS.dll
[0505/195614.818:ERROR:process_memory_win.cc(73)] ReadMemory at 0x7ff9445c0000 of 64 bytes failed: Only part of a ReadProcessMemory or WriteProcessMemory request was completed. (0x12B)
[0505/195614.818:WARNING:pe_image_reader.cc(340)] could not read dos header from C:\windows\System32\shcore.dll
[0505/195614.818:ERROR:process_memory_win.cc(73)] ReadMemory at 0x7ff942df0000 of 64 bytes failed: Only part of a ReadProcessMemory or WriteProcessMemory request was completed. (0x12B)
[0505/195614.818:WARNING:pe_image_reader.cc(340)] could not read dos header from C:\windows\SYSTEM32\SSPICLI.DLL
[0505/195614.818:ERROR:process_memory_win.cc(73)] ReadMemory at 0x7ff9428e0000 of 64 bytes failed: Only part of a ReadProcessMemory or WriteProcessMemory request was completed. (0x12B)
[0505/195614.818:WARNING:pe_image_reader.cc(340)] could not read dos header from C:\windows\SYSTEM32\CRYPTBASE.DLL
[0505/195614.828:ERROR:process_memory_win.cc(73)] ReadMemory at 0x7061ff7000 of 36864 bytes failed: Only part of a ReadProcessMemory or WriteProcessMemory request was completed. (0x12B)
[0505/195614.828:ERROR:process_memory_win.cc(73)] ReadMemory at 0x70627fd000 of 12288 bytes failed: Only part of a ReadProcessMemory or WriteProcessMemory request was completed. (0x12B)
[0505/195614.828:ERROR:process_memory_win.cc(73)] ReadMemory at 0x7062ffa000 of 24576 bytes failed: Only part of a ReadProcessMemory or WriteProcessMemory request was completed. (0x12B)
[0505/195614.828:ERROR:process_memory_win.cc(73)] ReadMemory at 0x70637fc000 of 16384 bytes failed: Only part of a ReadProcessMemory or WriteProcessMemory request was completed. (0x12B)
[0505/195614.829:ERROR:process_memory_win.cc(73)] ReadMemory at 0x7063ffc000 of 16384 bytes failed: Only part of a ReadProcessMemory or WriteProcessMemory request was completed. (0x12B)
[0505/195614.829:ERROR:process_memory_win.cc(73)] ReadMemory at 0x70647fe000 of 8192 bytes failed: Only part of a ReadProcessMemory or WriteProcessMemory request was completed. (0x12B)
[0505/195614.829:ERROR:process_memory_win.cc(73)] ReadMemory at 0x7064ffd000 of 12288 bytes failed: Only part of a ReadProcessMemory or WriteProcessMemory request was completed. (0x12B)
[0505/195614.829:ERROR:process_memory_win.cc(73)] ReadMemory at 0x70657fb000 of 20480 bytes failed: Only part of a ReadProcessMemory or WriteProcessMemory request was completed. (0x12B)
[0505/195614.829:ERROR:process_memory_win.cc(73)] ReadMemory at 0x7065ffd000 of 12288 bytes failed: Only part of a ReadProcessMemory or WriteProcessMemory request was completed. (0x12B)
[0505/195614.829:ERROR:process_memory_win.cc(73)] ReadMemory at 0x70667fd000 of 12288 bytes failed: Only part of a ReadProcessMemory or WriteProcessMemory request was completed. (0x12B)
[0505/195614.829:ERROR:process_memory_win.cc(73)] ReadMemory at 0x7066ffd000 of 12288 bytes failed: Only part of a ReadProcessMemory or WriteProcessMemory request was completed. (0x12B)
[0505/195614.829:ERROR:process_memory_win.cc(73)] ReadMemory at 0x70677fd000 of 12288 bytes failed: Only part of a ReadProcessMemory or WriteProcessMemory request was completed. (0x12B)
[0505/195614.829:ERROR:process_memory_win.cc(73)] ReadMemory at 0x7067ffd000 of 12288 bytes failed: Only part of a ReadProcessMemory or WriteProcessMemory request was completed. (0x12B)
[0505/195614.829:ERROR:process_memory_win.cc(73)] ReadMemory at 0x70687fd000 of 12288 bytes failed: Only part of a ReadProcessMemory or WriteProcessMemory request was completed. (0x12B)
[0505/195614.830:ERROR:process_memory_win.cc(73)] ReadMemory at 0x7068ffd000 of 12288 bytes failed: Only part of a ReadProcessMemory or WriteProcessMemory request was completed. (0x12B)
[0505/195614.830:ERROR:process_memory_win.cc(73)] ReadMemory at 0x70697fd000 of 12288 bytes failed: Only part of a ReadProcessMemory or WriteProcessMemory request was completed. (0x12B)
[0505/195614.830:ERROR:process_memory_win.cc(73)] ReadMemory at 0x70616db000 of 852 bytes failed: Only part of a ReadProcessMemory or WriteProcessMemory request was completed. (0x12B)
[0505/195614.830:ERROR:process_memory_win.cc(73)] ReadMemory at 0x70616dc000 of 6024 bytes failed: Only part of a ReadProcessMemory or WriteProcessMemory request was completed. (0x12B)
[0505/195614.830:ERROR:process_memory_win.cc(73)] ReadMemory at 0x70616de000 of 6024 bytes failed: Only part of a ReadProcessMemory or WriteProcessMemory request was completed. (0x12B)
[0505/195614.830:ERROR:process_memory_win.cc(73)] ReadMemory at 0x70616e0000 of 6024 bytes failed: Only part of a ReadProcessMemory or WriteProcessMemory request was completed. (0x12B)
[0505/195614.830:ERROR:process_memory_win.cc(73)] ReadMemory at 0x70616e2000 of 6024 bytes failed: Only part of a ReadProcessMemory or WriteProcessMemory request was completed. (0x12B)
[0505/195614.830:ERROR:process_memory_win.cc(73)] ReadMemory at 0x70616e4000 of 6024 bytes failed: Only part of a ReadProcessMemory or WriteProcessMemory request was completed. (0x12B)
[0505/195614.830:ERROR:process_memory_win.cc(73)] ReadMemory at 0x70616e6000 of 6024 bytes failed: Only part of a ReadProcessMemory or WriteProcessMemory request was completed. (0x12B)
[0505/195614.830:ERROR:process_memory_win.cc(73)] ReadMemory at 0x70616e8000 of 6024 bytes failed: Only part of a ReadProcessMemory or WriteProcessMemory request was completed. (0x12B)
[0505/195614.830:ERROR:process_memory_win.cc(73)] ReadMemory at 0x70616ea000 of 6024 bytes failed: Only part of a ReadProcessMemory or WriteProcessMemory request was completed. (0x12B)
[0505/195614.830:ERROR:process_memory_win.cc(73)] ReadMemory at 0x70616ec000 of 6024 bytes failed: Only part of a ReadProcessMemory or WriteProcessMemory request was completed. (0x12B)
[0505/195614.830:ERROR:process_memory_win.cc(73)] ReadMemory at 0x70616ee000 of 6024 bytes failed: Only part of a ReadProcessMemory or WriteProcessMemory request was completed. (0x12B)
[0505/195614.830:ERROR:process_memory_win.cc(73)] ReadMemory at 0x70616f0000 of 6024 bytes failed: Only part of a ReadProcessMemory or WriteProcessMemory request was completed. (0x12B)
[0505/195614.830:ERROR:process_memory_win.cc(73)] ReadMemory at 0x70616f2000 of 6024 bytes failed: Only part of a ReadProcessMemory or WriteProcessMemory request was completed. (0x12B)
[0505/195614.830:ERROR:process_memory_win.cc(73)] ReadMemory at 0x70616f4000 of 6024 bytes failed: Only part of a ReadProcessMemory or WriteProcessMemory request was completed. (0x12B)
[0505/195614.831:ERROR:process_memory_win.cc(73)] ReadMemory at 0x70616f6000 of 6024 bytes failed: Only part of a ReadProcessMemory or WriteProcessMemory request was completed. (0x12B)
[0505/195614.831:ERROR:process_memory_win.cc(73)] ReadMemory at 0x70616f8000 of 6024 bytes failed: Only part of a ReadProcessMemory or WriteProcessMemory request was completed. (0x12B)
[0505/195614.831:ERROR:process_memory_win.cc(73)] ReadMemory at 0x70616fa000 of 6024 bytes failed: Only part of a ReadProcessMemory or WriteProcessMemory request was completed. (0x12B)
[0505/195614.831:ERROR:process_memory_win.cc(73)] ReadMemory at 0x26d42c00750 of 80 bytes failed: Only part of a ReadProcessMemory or WriteProcessMemory request was completed. (0x12B)
[0505/195614.831:ERROR:process_memory_win.cc(73)] ReadMemory at 0x26d42c00fe0 of 24876 bytes failed: Only part of a ReadProcessMemory or WriteProcessMemory request was completed. (0x12B)
[0505/195614.831:ERROR:process_memory_win.cc(73)] ReadMemory at 0x26d42c07120 of 1012 bytes failed: Only part of a ReadProcessMemory or WriteProcessMemory request was completed. (0x12B)
[0505/195614.831:ERROR:process_memory_win.cc(73)] ReadMemory at 0x26d42c07768 of 118 bytes failed: Only part of a ReadProcessMemory or WriteProcessMemory request was completed. (0x12B)
[0505/195614.831:ERROR:process_memory_win.cc(73)] ReadMemory at 0x26d42c077e0 of 766 bytes failed: Only part of a ReadProcessMemory or WriteProcessMemory request was completed. (0x12B)
[0505/195614.831:ERROR:process_memory_win.cc(73)] ReadMemory at 0x26d42c07ae0 of 118 bytes failed: Only part of a ReadProcessMemory or WriteProcessMemory request was completed. (0x12B)
[0505/195614.831:ERROR:process_memory_win.cc(73)] ReadMemory at 0x26d42c07b58 of 100 bytes failed: Only part of a ReadProcessMemory or WriteProcessMemory request was completed. (0x12B)
[0505/195614.831:ERROR:process_memory_win.cc(73)] ReadMemory at 0x26d42c07bd0 of 58 bytes failed: Only part of a ReadProcessMemory or WriteProcessMemory request was completed. (0x12B)
[0505/195614.831:ERROR:process_memory_win.cc(73)] ReadMemory at 0x26d42c07cd0 of 132 bytes failed: Only part of a ReadProcessMemory or WriteProcessMemory request was completed. (0x12B)
[0505/195614.831:ERROR:process_memory_win.cc(73)] ReadMemory at 0x26d42c07e60 of 132 bytes failed: Only part of a ReadProcessMemory or WriteProcessMemory request was completed. (0x12B)
[0505/195614.831:ERROR:process_memory_win.cc(73)] ReadMemory at 0x26d42c08020 of 126 bytes failed: Only part of a ReadProcessMemory or WriteProcessMemory request was completed. (0x12B)
[0505/195614.831:ERROR:process_memory_win.cc(73)] ReadMemory at 0x26d42c08400 of 132 bytes failed: Only part of a ReadProcessMemory or WriteProcessMemory request was completed. (0x12B)
[0505/195614.831:ERROR:process_memory_win.cc(73)] ReadMemory at 0x26d42c08590 of 64 bytes failed: Only part of a ReadProcessMemory or WriteProcessMemory request was completed. (0x12B)
[0505/195614.832:ERROR:process_memory_win.cc(73)] ReadMemory at 0x26d42c085e0 of 132 bytes failed: Only part of a ReadProcessMemory or WriteProcessMemory request was completed. (0x12B)
[0505/195614.832:ERROR:process_memory_win.cc(73)] ReadMemory at 0x26d42c08750 of 132 bytes failed: Only part of a ReadProcessMemory or WriteProcessMemory request was completed. (0x12B)
[0505/195614.832:ERROR:process_memory_win.cc(73)] ReadMemory at 0x26d42c089f0 of 132 bytes failed: Only part of a ReadProcessMemory or WriteProcessMemory request was completed. (0x12B)
[0505/195614.832:ERROR:process_memory_win.cc(73)] ReadMemory at 0x26d42c08b80 of 68 bytes failed: Only part of a ReadProcessMemory or WriteProcessMemory request was completed. (0x12B)
[0505/195614.832:ERROR:process_memory_win.cc(73)] ReadMemory at 0x26d42c09b70 of 146 bytes failed: Only part of a ReadProcessMemory or WriteProcessMemory request was completed. (0x12B)
[0505/195614.832:ERROR:process_memory_win.cc(73)] ReadMemory at 0x26d42c09c50 of 132 bytes failed: Only part of a ReadProcessMemory or WriteProcessMemory request was completed. (0x12B)
[0505/195614.832:ERROR:process_memory_win.cc(73)] ReadMemory at 0x26d42c09de0 of 154 bytes failed: Only part of a ReadProcessMemory or WriteProcessMemory request was completed. (0x12B)
[0505/195614.832:ERROR:process_memory_win.cc(73)] ReadMemory at 0x26d42c0abf0 of 62 bytes failed: Only part of a ReadProcessMemory or WriteProcessMemory request was completed. (0x12B)
[0505/195614.832:ERROR:process_memory_win.cc(73)] ReadMemory at 0x26d42c0ad50 of 132 bytes failed: Only part of a ReadProcessMemory or WriteProcessMemory request was completed. (0x12B)
[0505/195614.832:ERROR:process_memory_win.cc(73)] ReadMemory at 0x26d42c0aee0 of 60 bytes failed: Only part of a ReadProcessMemory or WriteProcessMemory request was completed. (0x12B)
[0505/195614.832:ERROR:process_memory_win.cc(73)] ReadMemory at 0x26d42c0d060 of 132 bytes failed: Only part of a ReadProcessMemory or WriteProcessMemory request was completed. (0x12B)
[0505/195614.832:ERROR:process_memory_win.cc(73)] ReadMemory at 0x26d42c0d280 of 132 bytes failed: Only part of a ReadProcessMemory or WriteProcessMemory request was completed. (0x12B)
[0505/195614.832:ERROR:process_memory_win.cc(73)] ReadMemory at 0x26d42c0d5e0 of 132 bytes failed: Only part of a ReadProcessMemory or WriteProcessMemory request was completed. (0x12B)
[0505/195614.832:ERROR:process_memory_win.cc(73)] ReadMemory at 0x26d42c0d900 of 132 bytes failed: Only part of a ReadProcessMemory or WriteProcessMemory request was completed. (0x12B)
[0505/195614.832:ERROR:process_memory_win.cc(73)] ReadMemory at 0x26d42c10800 of 62 bytes failed: Only part of a ReadProcessMemory or WriteProcessMemory request was completed. (0x12B)
[0505/195614.832:ERROR:process_memory_win.cc(73)] ReadMemory at 0x26d42c108a0 of 64 bytes failed: Only part of a ReadProcessMemory or WriteProcessMemory request was completed. (0x12B)
[0505/195614.832:ERROR:process_memory_win.cc(73)] ReadMemory at 0x26d42c108f0 of 62 bytes failed: Only part of a ReadProcessMemory or WriteProcessMemory request was completed. (0x12B)
[0505/195614.833:ERROR:process_memory_win.cc(73)] ReadMemory at 0x26d42c10940 of 64 bytes failed: Only part of a ReadProcessMemory or WriteProcessMemory request was completed. (0x12B)
[0505/195614.833:ERROR:process_memory_win.cc(73)] ReadMemory at 0x26d42c10990 of 64 bytes failed: Only part of a ReadProcessMemory or WriteProcessMemory request was completed. (0x12B)
[0505/195614.833:ERROR:process_memory_win.cc(73)] ReadMemory at 0x26d42c109e0 of 60 bytes failed: Only part of a ReadProcessMemory or WriteProcessMemory request was completed. (0x12B)
[0505/195614.833:ERROR:process_memory_win.cc(73)] ReadMemory at 0x26d42c10bc0 of 66 bytes failed: Only part of a ReadProcessMemory or WriteProcessMemory request was completed. (0x12B)
[0505/195614.833:ERROR:process_memory_win.cc(73)] ReadMemory at 0x26d42c10c60 of 60 bytes failed: Only part of a ReadProcessMemory or WriteProcessMemory request was completed. (0x12B)
[0505/195614.833:ERROR:process_memory_win.cc(73)] ReadMemory at 0x26d42c10da0 of 64 bytes failed: Only part of a ReadProcessMemory or WriteProcessMemory request was completed. (0x12B)
[0505/195614.833:ERROR:process_memory_win.cc(73)] ReadMemory at 0x26d42c111d0 of 54 bytes failed: Only part of a ReadProcessMemory or WriteProcessMemory request was completed. (0x12B)
[0505/195614.833:ERROR:process_memory_win.cc(73)] ReadMemory at 0x26d42c11fd0 of 132 bytes failed: Only part of a ReadProcessMemory or WriteProcessMemory request was completed. (0x12B)
[0505/195614.833:ERROR:process_memory_win.cc(73)] ReadMemory at 0x26d42c13e40 of 132 bytes failed: Only part of a ReadProcessMemory or WriteProcessMemory request was completed. (0x12B)
[0505/195614.833:ERROR:process_memory_win.cc(73)] ReadMemory at 0x26d42c13f70 of 132 bytes failed: Only part of a ReadProcessMemory or WriteProcessMemory request was completed. (0x12B)
[0505/195614.833:ERROR:process_memory_win.cc(73)] ReadMemory at 0x26d42c140a0 of 132 bytes failed: Only part of a ReadProcessMemory or WriteProcessMemory request was completed. (0x12B)
[0505/195614.833:ERROR:process_memory_win.cc(73)] ReadMemory at 0x26d42c141d0 of 132 bytes failed: Only part of a ReadProcessMemory or WriteProcessMemory request was completed. (0x12B)
[0505/195614.833:ERROR:process_memory_win.cc(73)] ReadMemory at 0x26d42c14300 of 132 bytes failed: Only part of a ReadProcessMemory or WriteProcessMemory request was completed. (0x12B)
[0505/195614.833:ERROR:process_memory_win.cc(73)] ReadMemory at 0x26d42c14430 of 132 bytes failed: Only part of a ReadProcessMemory or WriteProcessMemory request was completed. (0x12B)
[0505/195614.833:ERROR:process_memory_win.cc(73)] ReadMemory at 0x26d42c14560 of 132 bytes failed: Only part of a ReadProcessMemory or WriteProcessMemory request was completed. (0x12B)
[0505/195614.833:ERROR:process_memory_win.cc(73)] ReadMemory at 0x26d42c14690 of 132 bytes failed: Only part of a ReadProcessMemory or WriteProcessMemory request was completed. (0x12B)
[0505/195614.833:ERROR:process_memory_win.cc(73)] ReadMemory at 0x26d42c147c0 of 132 bytes failed: Only part of a ReadProcessMemory or WriteProcessMemory request was completed. (0x12B)
[0505/195614.833:ERROR:process_memory_win.cc(73)] ReadMemory at 0x26d42c148f0 of 132 bytes failed: Only part of a ReadProcessMemory or WriteProcessMemory request was completed. (0x12B)
[0505/195614.834:ERROR:process_memory_win.cc(73)] ReadMemory at 0x26d42c14a20 of 132 bytes failed: Only part of a ReadProcessMemory or WriteProcessMemory request was completed. (0x12B)
[0505/195614.834:ERROR:process_memory_win.cc(73)] ReadMemory at 0x26d42c14b50 of 132 bytes failed: Only part of a ReadProcessMemory or WriteProcessMemory request was completed. (0x12B)
[0505/195614.834:ERROR:process_memory_win.cc(73)] ReadMemory at 0x26d42c15150 of 76 bytes failed: Only part of a ReadProcessMemory or WriteProcessMemory request was completed. (0x12B)
[0505/195614.834:ERROR:process_memory_win.cc(73)] ReadMemory at 0x26d42c15390 of 80 bytes failed: Only part of a ReadProcessMemory or WriteProcessMemory request was completed. (0x12B)
[0505/195614.834:ERROR:process_memory_win.cc(73)] ReadMemory at 0x26d42c164b0 of 132 bytes failed: Only part of a ReadProcessMemory or WriteProcessMemory request was completed. (0x12B)
[0505/195614.834:ERROR:process_memory_win.cc(73)] ReadMemory at 0x26d42c17e10 of 132 bytes failed: Only part of a ReadProcessMemory or WriteProcessMemory request was completed. (0x12B)
[0505/195614.834:ERROR:process_memory_win.cc(73)] ReadMemory at 0x26d42c19b70 of 60 bytes failed: Only part of a ReadProcessMemory or WriteProcessMemory request was completed. (0x12B)
[0505/195614.834:ERROR:process_memory_win.cc(73)] ReadMemory at 0x26d42c19c60 of 62 bytes failed: Only part of a ReadProcessMemory or WriteProcessMemory request was completed. (0x12B)
[0505/195614.834:ERROR:process_memory_win.cc(73)] ReadMemory at 0x26d42c19cb0 of 62 bytes failed: Only part of a ReadProcessMemory or WriteProcessMemory request was completed. (0x12B)
[0505/195614.834:ERROR:process_memory_win.cc(73)] ReadMemory at 0x26d42c19e40 of 62 bytes failed: Only part of a ReadProcessMemory or WriteProcessMemory request was completed. (0x12B)
[0505/195614.834:ERROR:process_memory_win.cc(73)] ReadMemory at 0x26d42c19e90 of 64 bytes failed: Only part of a ReadProcessMemory or WriteProcessMemory request was completed. (0x12B)
[0505/195614.834:ERROR:process_memory_win.cc(73)] ReadMemory at 0x26d42c19ee0 of 62 bytes failed: Only part of a ReadProcessMemory or WriteProcessMemory request was completed. (0x12B)
[0505/195614.834:ERROR:process_memory_win.cc(73)] ReadMemory at 0x26d42c19f80 of 64 bytes failed: Only part of a ReadProcessMemory or WriteProcessMemory request was completed. (0x12B)
[0505/195614.834:ERROR:process_memory_win.cc(73)] ReadMemory at 0x26d42c19fd0 of 62 bytes failed: Only part of a ReadProcessMemory or WriteProcessMemory request was completed. (0x12B)
[0505/195614.834:ERROR:process_memory_win.cc(73)] ReadMemory at 0x26d42c1a250 of 60 bytes failed: Only part of a ReadProcessMemory or WriteProcessMemory request was completed. (0x12B)
[0505/195614.834:ERROR:process_memory_win.cc(73)] ReadMemory at 0x26d42c1a2f0 of 64 bytes failed: Only part of a ReadProcessMemory or WriteProcessMemory request was completed. (0x12B)
[0505/195614.834:ERROR:process_memory_win.cc(73)] ReadMemory at 0x26d42c1a340 of 66 bytes failed: Only part of a ReadProcessMemory or WriteProcessMemory request was completed. (0x12B)
[0505/195614.834:ERROR:process_memory_win.cc(73)] ReadMemory at 0x26d42c1a3e0 of 62 bytes failed: Only part of a ReadProcessMemory or WriteProcessMemory request was completed. (0x12B)
[0505/195614.834:ERROR:process_memory_win.cc(73)] ReadMemory at 0x26d42c1a4d0 of 62 bytes failed: Only part of a ReadProcessMemory or WriteProcessMemory request was completed. (0x12B)
[0505/195614.835:ERROR:process_memory_win.cc(73)] ReadMemory at 0x26d42c1a520 of 64 bytes failed: Only part of a ReadProcessMemory or WriteProcessMemory request was completed. (0x12B)
[0505/195614.835:ERROR:process_memory_win.cc(73)] ReadMemory at 0x26d42c1a570 of 60 bytes failed: Only part of a ReadProcessMemory or WriteProcessMemory request was completed. (0x12B)
[0505/195614.835:ERROR:process_memory_win.cc(73)] ReadMemory at 0x26d42c1a7f0 of 62 bytes failed: Only part of a ReadProcessMemory or WriteProcessMemory request was completed. (0x12B)
[0505/195614.835:ERROR:process_memory_win.cc(73)] ReadMemory at 0x26d42c1a890 of 58 bytes failed: Only part of a ReadProcessMemory or WriteProcessMemory request was completed. (0x12B)
[0505/195614.835:ERROR:process_memory_win.cc(73)] ReadMemory at 0x26d42c1a9d0 of 60 bytes failed: Only part of a ReadProcessMemory or WriteProcessMemory request was completed. (0x12B)
[0505/195614.835:ERROR:process_memory_win.cc(73)] ReadMemory at 0x26d42c1d3e0 of 132 bytes failed: Only part of a ReadProcessMemory or WriteProcessMemory request was completed. (0x12B)
[0505/195614.835:ERROR:process_memory_win.cc(73)] ReadMemory at 0x26d42c1eb50 of 132 bytes failed: Only part of a ReadProcessMemory or WriteProcessMemory request was completed. (0x12B)
[0505/195614.835:ERROR:process_memory_win.cc(73)] ReadMemory at 0x26d42c1f230 of 132 bytes failed: Only part of a ReadProcessMemory or WriteProcessMemory request was completed. (0x12B)
[0505/195614.835:ERROR:process_memory_win.cc(73)] ReadMemory at 0x26d42c1f360 of 132 bytes failed: Only part of a ReadProcessMemory or WriteProcessMemory request was completed. (0x12B)
[0505/195614.835:ERROR:process_memory_win.cc(73)] ReadMemory at 0x26d42c1f490 of 132 bytes failed: Only part of a ReadProcessMemory or WriteProcessMemory request was completed. (0x12B)
[0505/195614.835:ERROR:process_memory_win.cc(73)] ReadMemory at 0x26d42c1fbb0 of 132 bytes failed: Only part of a ReadProcessMemory or WriteProcessMemory request was completed. (0x12B)
[0505/195614.835:ERROR:process_memory_win.cc(73)] ReadMemory at 0x26d42c1fce0 of 132 bytes failed: Only part of a ReadProcessMemory or WriteProcessMemory request was completed. (0x12B)
[0505/195614.835:ERROR:process_memory_win.cc(73)] ReadMemory at 0x26d42c201a0 of 132 bytes failed: Only part of a ReadProcessMemory or WriteProcessMemory request was completed. (0x12B)
[0505/195614.835:ERROR:process_memory_win.cc(73)] ReadMemory at 0x26d42c20660 of 132 bytes failed: Only part of a ReadProcessMemory or WriteProcessMemory request was completed. (0x12B)
[0505/195614.835:ERROR:process_memory_win.cc(73)] ReadMemory at 0x26d42c208c0 of 132 bytes failed: Only part of a ReadProcessMemory or WriteProcessMemory request was completed. (0x12B)
[0505/195614.835:ERROR:process_memory_win.cc(73)] ReadMemory at 0x26d42c20c50 of 132 bytes failed: Only part of a ReadProcessMemory or WriteProcessMemory request was completed. (0x12B)
[0505/195614.835:ERROR:process_memory_win.cc(73)] ReadMemory at 0x26d42c20d80 of 132 bytes failed: Only part of a ReadProcessMemory or WriteProcessMemory request was completed. (0x12B)
[0505/195614.836:ERROR:process_memory_win.cc(73)] ReadMemory at 0x26d42c37a30 of 512 bytes failed: Only part of a ReadProcessMemory or WriteProcessMemory request was completed. (0x12B)
[0505/195614.836:ERROR:process_memory_win.cc(73)] ReadMemory at 0x26d42c387d0 of 512 bytes failed: Only part of a ReadProcessMemory or WriteProcessMemory request was completed. (0x12B)
[0505/195614.836:ERROR:process_memory_win.cc(73)] ReadMemory at 0x26d434400d0 of 512 bytes failed: Only part of a ReadProcessMemory or WriteProcessMemory request was completed. (0x12B)
[0505/195614.836:ERROR:process_memory_win.cc(73)] ReadMemory at 0x26d43440d30 of 656 bytes failed: Only part of a ReadProcessMemory or WriteProcessMemory request was completed. (0x12B)
[0505/195614.836:ERROR:process_memory_win.cc(73)] ReadMemory at 0x26d434c0e60 of 512 bytes failed: Only part of a ReadProcessMemory or WriteProcessMemory request was completed. (0x12B)
[0505/195614.836:ERROR:process_memory_win.cc(73)] ReadMemory at 0x26d434c3f40 of 608 bytes failed: Only part of a ReadProcessMemory or WriteProcessMemory request was completed. (0x12B)
[0505/195614.836:ERROR:process_memory_win.cc(73)] ReadMemory at 0x26d434c4c20 of 512 bytes failed: Only part of a ReadProcessMemory or WriteProcessMemory request was completed. (0x12B)
[0505/195614.836:ERROR:process_memory_win.cc(73)] ReadMemory at 0x26d434d9490 of 512 bytes failed: Only part of a ReadProcessMemory or WriteProcessMemory request was completed. (0x12B)
[0505/195614.836:ERROR:process_memory_win.cc(73)] ReadMemory at 0x26d434f4940 of 712 bytes failed: Only part of a ReadProcessMemory or WriteProcessMemory request was completed. (0x12B)
[0505/195614.836:ERROR:process_memory_win.cc(73)] ReadMemory at 0x26d435d0248 of 512 bytes failed: Only part of a ReadProcessMemory or WriteProcessMemory request was completed. (0x12B)
[0505/195614.836:ERROR:process_memory_win.cc(73)] ReadMemory at 0x26d44bdc580 of 512 bytes failed: Only part of a ReadProcessMemory or WriteProcessMemory request was completed. (0x12B)
[0505/195614.836:ERROR:process_memory_win.cc(73)] ReadMemory at 0x26d44c0cf50 of 512 bytes failed: Only part of a ReadProcessMemory or WriteProcessMemory request was completed. (0x12B)
[0505/195614.836:ERROR:process_memory_win.cc(73)] ReadMemory at 0x26d452367d0 of 512 bytes failed: Only part of a ReadProcessMemory or WriteProcessMemory request was completed. (0x12B)
[0505/195614.836:ERROR:process_memory_win.cc(73)] ReadMemory at 0x49e90d8b5488 of 512 bytes failed: Only part of a ReadProcessMemory or WriteProcessMemory request was completed. (0x12B)
[0505/195614.836:ERROR:process_memory_win.cc(73)] ReadMemory at 0x7ff8ebcb4b6a of 512 bytes failed: Only part of a ReadProcessMemory or WriteProcessMemory request was completed. (0x12B)
[0505/195614.836:ERROR:process_memory_win.cc(73)] ReadMemory at 0x7ff8ed4a3f90 of 512 bytes failed: Only part of a ReadProcessMemory or WriteProcessMemory request was completed. (0x12B)
[0505/195614.836:ERROR:process_memory_win.cc(73)] ReadMemory at 0x7ff8ed80e35c of 512 bytes failed: Only part of a ReadProcessMemory or WriteProcessMemory request was completed. (0x12B)
[0505/195614.837:ERROR:process_memory_win.cc(73)] ReadMemory at 0x7ff8edd6943c of 512 bytes failed: Only part of a ReadProcessMemory or WriteProcessMemory request was completed. (0x12B)
[0505/195614.837:ERROR:process_memory_win.cc(73)] ReadMemory at 0x7ff8eeb85aff of 512 bytes failed: Only part of a ReadProcessMemory or WriteProcessMemory request was completed. (0x12B)
[0505/195614.837:ERROR:process_memory_win.cc(73)] ReadMemory at 0x7ff8f2f39f4c of 512 bytes failed: Only part of a ReadProcessMemory or WriteProcessMemory request was completed. (0x12B)
[0505/195614.837:ERROR:process_memory_win.cc(73)] ReadMemory at 0x7ff9460dc074 of 672 bytes failed: Only part of a ReadProcessMemory or WriteProcessMemory request was completed. (0x12B)
[0505/195614.837:ERROR:process_memory_win.cc(73)] ReadMemory at 0x7ff9460dc674 of 512 bytes failed: Only part of a ReadProcessMemory or WriteProcessMemory request was completed. (0x12B)
[0505/195614.837:ERROR:process_memory_win.cc(73)] ReadMemory at 0x7ff9460df924 of 608 bytes failed: Only part of a ReadProcessMemory or WriteProcessMemory request was completed. (0x12B)
[0505/195614.837:ERROR:process_memory_win.cc(73)] ReadMemory at 0x7ff94616c428 of 18 bytes failed: Only part of a ReadProcessMemory or WriteProcessMemory request was completed. (0x12B)
[0505/195614.837:ERROR:process_memory_win.cc(73)] ReadMemory at 0x7ff94619f4f8 of 40 bytes failed: Only part of a ReadProcessMemory or WriteProcessMemory request was completed. (0x12B)
[0505/195614.837:ERROR:process_memory_win.cc(73)] ReadMemory at 0x7ff94619f978 of 48 bytes failed: Only part of a ReadProcessMemory or WriteProcessMemory request was completed. (0x12B)
[0505/195614.837:ERROR:process_memory_win.cc(73)] ReadMemory at 0x7ff9461a53c0 of 64 bytes failed: Only part of a ReadProcessMemory or WriteProcessMemory request was completed. (0x12B)
[0505/195614.843:ERROR:scoped_process_suspend.cc(40)] NtResumeProcess: An attempt was made to access an exiting process. (0xc000010a)
